<?xml version="1.0" encoding="UTF-8"?>
<!-- Generated by org.testng.reporters.JUnitReportReporter -->
<testsuite hostname="myska" failures="0" tests="1" name="pom.Sanduoclieu.user.RegisterPage" time="50.303" errors="0" timestamp="19 Jan 2021 11:21:07 GMT" skipped="0">
  <testcase classname="pom.Sanduoclieu.user.RegisterPage" name="TC_Register_Enterprise_Sell" time="50.303"/>
</testsuite> <!-- pom.Sanduoclieu.user.RegisterPage -->
