<?xml version="1.0" encoding="UTF-8"?>
<!-- Generated by org.testng.reporters.JUnitReportReporter -->
<testsuite hostname="myska" failures="0" tests="1" name="pom.Sanduoclieu.user.HomePage" time="15.864" errors="0" timestamp="18 Jan 2021 16:53:41 GMT" skipped="0">
  <testcase classname="pom.Sanduoclieu.user.HomePage" name="TC_Register_Product_Sell_At_Depot_Of_Enterprise" time="15.864"/>
</testsuite> <!-- pom.Sanduoclieu.user.HomePage -->
