<?xml version="1.0" encoding="UTF-8"?>
<!-- Generated by org.testng.reporters.JUnitReportReporter -->
<testsuite hostname="myska" failures="0" tests="1" name="pom.Sanduoclieu.user.RegisterPage" time="36.415" errors="0" timestamp="21 Jan 2021 10:45:04 GMT" skipped="0">
  <testcase classname="pom.Sanduoclieu.user.RegisterPage" name="TC_Register_Enterprise_Buy" time="36.415"/>
</testsuite> <!-- pom.Sanduoclieu.user.RegisterPage -->
