<?xml version="1.0" encoding="UTF-8"?>
<!-- Generated by org.testng.reporters.JUnitReportReporter -->
<testsuite hostname="myska" failures="0" tests="2" name="pom.Sanduoclieu.user.LoginPage" time="27.283" errors="0" timestamp="21 Jan 2021 10:39:56 GMT" skipped="0">
  <testcase classname="pom.Sanduoclieu.user.LoginPage" name="TC_01_Login" time="11.764"/>
  <testcase classname="pom.Sanduoclieu.user.LoginPage" name="TC_02_Forgot_Password" time="15.519"/>
</testsuite> <!-- pom.Sanduoclieu.user.LoginPage -->
