<?xml version="1.0" encoding="UTF-8"?>
<!-- Generated by org.testng.reporters.JUnitReportReporter -->
<testsuite hostname="myska" failures="0" tests="1" name="pom.Sanduoclieu.user.Register" time="8.615" errors="0" timestamp="15 Jan 2021 17:34:29 GMT" skipped="0">
  <testcase classname="pom.Sanduoclieu.user.Register" name="TC_03_Register_Product_Sell" time="8.615"/>
</testsuite> <!-- pom.Sanduoclieu.user.Register -->
